# JRE version: Java(TM) SE Runtime Environment (17.0.6+9) (build 17.0.6+9-LTS-190)
# Java VM: Java HotSpot(TM) 64-Bit Server VM (17.0.6+9-LTS-190, mixed mode, sharing, tiered, compressed oops, compressed class ptrs, g1 gc, windows-amd64)
GC Precious Log:
 CPUs: 4 total, 4 available
 Memory: 4000M
 Large Page Support: Disabled
 NUMA Support: Disabled
 Compressed Oops: Enabled (32-bit)
 Heap Region Size: 1M
 Heap Min Capacity: 8M
 Heap Initial Capacity: 64M
 Heap Max Capacity: 1002M
 Pre-touch: Disabled
 Parallel Workers: 4
 Concurrent Workers: 1
 Concurrent Refinement Workers: 4
 Periodic GC: Disabled
Heap:
 garbage-first heap   total 51200K, used 18707K [0x00000000c1600000, 0x0000000100000000)
  region size 1024K, 3 young (3072K), 2 survivors (2048K)
 Metaspace       used 30993K, committed 31424K, reserved 1081344K
  class space    used 4003K, committed 4224K, reserved 1048576K
GC Heap History (14 events):
Event: 1.893 GC heap before
{Heap before GC invocations=0 (full 0):
 garbage-first heap   total 65536K, used 13312K [0x00000000c1600000, 0x0000000100000000)
  region size 1024K, 13 young (13312K), 0 survivors (0K)
 Metaspace       used 3212K, committed 3392K, reserved 1056768K
  class space    used 339K, committed 448K, reserved 1048576K
}
Event: 1.907 GC heap after
{Heap after GC invocations=1 (full 0):
 garbage-first heap   total 65536K, used 6363K [0x00000000c1600000, 0x0000000100000000)
  region size 1024K, 2 young (2048K), 2 survivors (2048K)
 Metaspace       used 3212K, committed 3392K, reserved 1056768K
  class space    used 339K, committed 448K, reserved 1048576K
}
Event: 2.794 GC heap before
{Heap before GC invocations=1 (full 0):
 garbage-first heap   total 65536K, used 17627K [0x00000000c1600000, 0x0000000100000000)
  region size 1024K, 14 young (14336K), 2 survivors (2048K)
 Metaspace       used 6664K, committed 6912K, reserved 1056768K
  class space    used 822K, committed 960K, reserved 1048576K
}
Event: 2.804 GC heap after
{Heap after GC invocations=2 (full 0):
 garbage-first heap   total 65536K, used 7529K [0x00000000c1600000, 0x0000000100000000)
  region size 1024K, 2 young (2048K), 2 survivors (2048K)
 Metaspace       used 6664K, committed 6912K, reserved 1056768K
  class space    used 822K, committed 960K, reserved 1048576K
}
Event: 3.927 GC heap before
{Heap before GC invocations=2 (full 0):
 garbage-first heap   total 65536K, used 28009K [0x00000000c1600000, 0x0000000100000000)
  region size 1024K, 23 young (23552K), 2 survivors (2048K)
 Metaspace       used 12272K, committed 12544K, reserved 1064960K
  class space    used 1507K, committed 1664K, reserved 1048576K
}
Event: 3.936 GC heap after
{Heap after GC invocations=3 (full 0):
 garbage-first heap   total 65536K, used 9317K [0x00000000c1600000, 0x0000000100000000)
  region size 1024K, 3 young (3072K), 3 survivors (3072K)
 Metaspace       used 12272K, committed 12544K, reserved 1064960K
  class space    used 1507K, committed 1664K, reserved 1048576K
}
Event: 5.681 GC heap before
{Heap before GC invocations=3 (full 0):
 garbage-first heap   total 65536K, used 42085K [0x00000000c1600000, 0x0000000100000000)
  region size 1024K, 36 young (36864K), 3 survivors (3072K)
 Metaspace       used 18345K, committed 18560K, reserved 1073152K
  class space    used 2262K, committed 2368K, reserved 1048576K
}
Event: 5.698 GC heap after
{Heap after GC invocations=4 (full 0):
 garbage-first heap   total 65536K, used 12669K [0x00000000c1600000, 0x0000000100000000)
  region size 1024K, 5 young (5120K), 5 survivors (5120K)
 Metaspace       used 18345K, committed 18560K, reserved 1073152K
  class space    used 2262K, committed 2368K, reserved 1048576K
}
Event: 6.851 GC heap before
{Heap before GC invocations=4 (full 0):
 garbage-first heap   total 65536K, used 31101K [0x00000000c1600000, 0x0000000100000000)
  region size 1024K, 25 young (25600K), 5 survivors (5120K)
 Metaspace       used 21237K, committed 21504K, reserved 1073152K
  class space    used 2661K, committed 2752K, reserved 1048576K
}
Event: 6.874 GC heap after
{Heap after GC invocations=5 (full 0):
 garbage-first heap   total 65536K, used 14152K [0x00000000c1600000, 0x0000000100000000)
  region size 1024K, 2 young (2048K), 2 survivors (2048K)
 Metaspace       used 21237K, committed 21504K, reserved 1073152K
  class space    used 2661K, committed 2752K, reserved 1048576K
}
Event: 9.094 GC heap before
{Heap before GC invocations=6 (full 0):
 garbage-first heap   total 51200K, used 41800K [0x00000000c1600000, 0x0000000100000000)
  region size 1024K, 30 young (30720K), 2 survivors (2048K)
 Metaspace       used 27102K, committed 27456K, reserved 1081344K
  class space    used 3482K, committed 3648K, reserved 1048576K
}
Event: 9.114 GC heap after
{Heap after GC invocations=7 (full 0):
 garbage-first heap   total 51200K, used 16899K [0x00000000c1600000, 0x0000000100000000)
  region size 1024K, 4 young (4096K), 4 survivors (4096K)
 Metaspace       used 27102K, committed 27456K, reserved 1081344K
  class space    used 3482K, committed 3648K, reserved 1048576K
}
Event: 10.329 GC heap before
{Heap before GC invocations=7 (full 0):
 garbage-first heap   total 51200K, used 36355K [0x00000000c1600000, 0x0000000100000000)
  region size 1024K, 23 young (23552K), 4 survivors (4096K)
 Metaspace       used 30766K, committed 31168K, reserved 1081344K
  class space    used 3968K, committed 4160K, reserved 1048576K
}
Event: 10.358 GC heap after
{Heap after GC invocations=8 (full 0):
 garbage-first heap   total 51200K, used 18707K [0x00000000c1600000, 0x0000000100000000)
  region size 1024K, 2 young (2048K), 2 survivors (2048K)
 Metaspace       used 30766K, committed 31168K, reserved 1081344K
  class space    used 3968K, committed 4160K, reserved 1048576K
}

