# JRE version: Java(TM) SE Runtime Environment (17.0.6+9) (build 17.0.6+9-LTS-190)
# Java VM: Java HotSpot(TM) 64-Bit Server VM (17.0.6+9-LTS-190, mixed mode, sharing, tiered, compressed oops, compressed class ptrs, g1 gc, windows-amd64)
GC Precious Log:
 CPUs: 4 total, 4 available
 Memory: 4000M
 Large Page Support: Disabled
 NUMA Support: Disabled
 Compressed Oops: Enabled (32-bit)
 Heap Region Size: 1M
 Heap Min Capacity: 8M
 Heap Initial Capacity: 64M
 Heap Max Capacity: 1002M
 Pre-touch: Disabled
 Parallel Workers: 4
 Concurrent Workers: 1
 Concurrent Refinement Workers: 4
 Periodic GC: Disabled
Heap:
 garbage-first heap   total 65536K, used 32799K [0x00000000c1600000, 0x0000000100000000)
  region size 1024K, 29 young (29696K), 3 survivors (3072K)
 Metaspace       used 19936K, committed 20096K, reserved 1073152K
  class space    used 2308K, committed 2368K, reserved 1048576K
GC Heap History (6 events):
Event: 7.501 GC heap before
{Heap before GC invocations=0 (full 0):
 garbage-first heap   total 65536K, used 13312K [0x00000000c1600000, 0x0000000100000000)
  region size 1024K, 13 young (13312K), 0 survivors (0K)
 Metaspace       used 4789K, committed 4864K, reserved 1056768K
  class space    used 419K, committed 448K, reserved 1048576K
}
Event: 7.561 GC heap after
{Heap after GC invocations=1 (full 0):
 garbage-first heap   total 65536K, used 6029K [0x00000000c1600000, 0x0000000100000000)
  region size 1024K, 2 young (2048K), 2 survivors (2048K)
 Metaspace       used 4789K, committed 4864K, reserved 1056768K
  class space    used 419K, committed 448K, reserved 1048576K
}
Event: 8.896 GC heap before
{Heap before GC invocations=1 (full 0):
 garbage-first heap   total 65536K, used 17293K [0x00000000c1600000, 0x0000000100000000)
  region size 1024K, 13 young (13312K), 2 survivors (2048K)
 Metaspace       used 8358K, committed 8576K, reserved 1056768K
  class space    used 856K, committed 960K, reserved 1048576K
}
Event: 8.903 GC heap after
{Heap after GC invocations=2 (full 0):
 garbage-first heap   total 65536K, used 6902K [0x00000000c1600000, 0x0000000100000000)
  region size 1024K, 1 young (1024K), 1 survivors (1024K)
 Metaspace       used 8358K, committed 8576K, reserved 1056768K
  class space    used 856K, committed 960K, reserved 1048576K
}
Event: 11.537 GC heap before
{Heap before GC invocations=2 (full 0):
 garbage-first heap   total 65536K, used 28406K [0x00000000c1600000, 0x0000000100000000)
  region size 1024K, 23 young (23552K), 1 survivors (1024K)
 Metaspace       used 13725K, committed 13952K, reserved 1064960K
  class space    used 1537K, committed 1664K, reserved 1048576K
}
Event: 11.544 GC heap after
{Heap after GC invocations=3 (full 0):
 garbage-first heap   total 65536K, used 8223K [0x00000000c1600000, 0x0000000100000000)
  region size 1024K, 3 young (3072K), 3 survivors (3072K)
 Metaspace       used 13725K, committed 13952K, reserved 1064960K
  class space    used 1537K, committed 1664K, reserved 1048576K
}

